{
  "RSpec": {
    "coverage": {
      "/Users/ericlabra/Documents/GitProjects/EasyBrokerExample/config/environment.rb": {
        "lines": [
          null,
          null,
          null,
          1,
          null,
          null,
          1
        ]
      },
      "/Users/ericlabra/Documents/GitProjects/EasyBrokerExample/config/application.rb": {
        "lines": [
          null,
          null,
          1,
          null,
          1,
          null,
          null,
          null,
          1,
          null,
          1,
          null,
          1,
          null,
          1,
          null,
          null,
          null,
          null,
          null,
          null,
          null,
          null,
          null,
          null,
          null,
          null,
          1,
          null,
          null
        ]
      },
      "/Users/ericlabra/Documents/GitProjects/EasyBrokerExample/config/boot.rb": {
        "lines": [
          null,
          null,
          1,
          null,
          1,
          1
        ]
      },
      "/Users/ericlabra/Documents/GitProjects/EasyBrokerExample/config/environments/test.rb": {
        "lines": [
          null,
          null,
          1,
          null,
          null,
          null,
          null,
          null,
          null,
          1,
          null,
          null,
          null,
          1,
          null,
          null,
          null,
          null,
          1,
          null,
          null,
          1,
          1,
          null,
          null,
          null,
          null,
          1,
          1,
          1,
          null,
          null,
          1,
          null,
          null,
          1,
          null,
          null,
          1,
          null,
          1,
          null,
          null,
          null,
          null,
          1,
          null,
          null,
          1,
          null,
          null,
          1,
          null,
          null,
          1,
          null,
          null,
          null,
          null,
          null,
          null,
          null
        ]
      },
      "/Users/ericlabra/Documents/GitProjects/EasyBrokerExample/config/initializers/cors.rb": {
        "lines": [
          null,
          null,
          null,
          null,
          null,
          null,
          null,
          null,
          null,
          null,
          null,
          null,
          null,
          null,
          null,
          null,
          null,
          null
        ]
      },
      "/Users/ericlabra/Documents/GitProjects/EasyBrokerExample/config/initializers/filter_parameter_logging.rb": {
        "lines": [
          null,
          null,
          null,
          null,
          null,
          null,
          null,
          1,
          null,
          null
        ]
      },
      "/Users/ericlabra/Documents/GitProjects/EasyBrokerExample/config/initializers/inflections.rb": {
        "lines": [
          null,
          null,
          null,
          null,
          null,
          null,
          null,
          null,
          null,
          null,
          null,
          null,
          null,
          null,
          null,
          null,
          null,
          null
        ]
      },
      "/Users/ericlabra/Documents/GitProjects/EasyBrokerExample/config/routes.rb": {
        "lines": [
          null,
          null,
          1,
          null,
          null,
          null,
          null,
          null
        ]
      },
      "/Users/ericlabra/Documents/GitProjects/EasyBrokerExample/app/actors/locations/list.rb": {
        "lines": [
          null,
          null,
          1,
          null,
          1,
          1,
          null,
          1,
          null,
          1,
          6,
          null,
          null,
          6,
          null,
          null,
          null
        ]
      },
      "/Users/ericlabra/Documents/GitProjects/EasyBrokerExample/app/actors/orchestators/list_locations.rb": {
        "lines": [
          null,
          null,
          1,
          null,
          1,
          1,
          null,
          1,
          null,
          1,
          1,
          null,
          null
        ]
      },
      "/Users/ericlabra/Documents/GitProjects/EasyBrokerExample/app/actors/requests/client.rb": {
        "lines": [
          null,
          null,
          1,
          1,
          1,
          null,
          1,
          null,
          1,
          1,
          1,
          null,
          1,
          1,
          null,
          1,
          3,
          null,
          null,
          1,
          3,
          3,
          3,
          3,
          3,
          3,
          3,
          null,
          null,
          null
        ]
      }
    },
    "timestamp": 1768693840
  }
}
